<?xml version="1.0" encoding="UTF-8"?>
<!-- Generated by org.testng.reporters.JUnitXMLReporter -->
<testsuite ignored="0" hostname="EmadulHaque_PC" failures="0" tests="4" name="Default test" time="14.198" errors="0" timestamp="2022-06-06T20:09:16 EDT">
  <testcase classname="com.datadrive.DataDrivenTest_hardData" name="loginTest" time="5.195"/>
  <testcase classname="com.datadrive.DataDrivenTest_hardData" name="loginTest" time="0.994"/>
  <testcase classname="com.datadrive.DataDrivenTest_hardData" name="loginTest" time="1.299"/>
  <testcase classname="com.datadrive.DataDrivenTest_hardData" name="loginTest" time="0.902"/>
</testsuite> <!-- Default test -->
