<?xml version="1.0" encoding="UTF-8"?>
<testng-results ignored="0" total="4" passed="4" failed="0" skipped="0">
  <reporter-output>
  </reporter-output>
  <suite started-at="2022-06-06T20:09:02 EDT" name="Default suite" finished-at="2022-06-06T20:09:16 EDT" duration-ms="14198">
    <groups>
    </groups>
    <test started-at="2022-06-06T20:09:02 EDT" name="Default test" finished-at="2022-06-06T20:09:16 EDT" duration-ms="14198">
      <class name="com.datadrive.DataDrivenTest_hardData">
        <test-method is-config="true" signature="setup()[pri:0, instance:com.datadrive.DataDrivenTest_hardData@6572421]" started-at="2022-06-06T20:09:02 EDT" name="setup" finished-at="2022-06-06T20:09:05 EDT" duration-ms="3309" status="PASS">
          <reporter-output>
          </reporter-output>
        </test-method> <!-- setup -->
        <test-method signature="loginTest(java.lang.String,java.lang.String,java.lang.String)[pri:0, instance:com.datadrive.DataDrivenTest_hardData@6572421]" started-at="2022-06-06T20:09:07 EDT" name="loginTest" data-provider="readData" finished-at="2022-06-06T20:09:13 EDT" duration-ms="5195" status="PASS">
          <params>
            <param index="0">
              <value>
                <![CDATA[admin@yourstore.com]]>
              </value>
            </param>
            <param index="1">
              <value>
                <![CDATA[admin]]>
              </value>
            </param>
            <param index="2">
              <value>
                <![CDATA[Valid]]>
              </value>
            </param>
          </params>
          <reporter-output>
          </reporter-output>
        </test-method> <!-- loginTest -->
        <test-method signature="loginTest(java.lang.String,java.lang.String,java.lang.String)[pri:0, instance:com.datadrive.DataDrivenTest_hardData@6572421]" started-at="2022-06-06T20:09:13 EDT" name="loginTest" data-provider="readData" finished-at="2022-06-06T20:09:14 EDT" duration-ms="994" status="PASS">
          <params>
            <param index="0">
              <value>
                <![CDATA[admin@yourstore.com]]>
              </value>
            </param>
            <param index="1">
              <value>
                <![CDATA[adm]]>
              </value>
            </param>
            <param index="2">
              <value>
                <![CDATA[Invalid]]>
              </value>
            </param>
          </params>
          <reporter-output>
          </reporter-output>
        </test-method> <!-- loginTest -->
        <test-method signature="loginTest(java.lang.String,java.lang.String,java.lang.String)[pri:0, instance:com.datadrive.DataDrivenTest_hardData@6572421]" started-at="2022-06-06T20:09:14 EDT" name="loginTest" data-provider="readData" finished-at="2022-06-06T20:09:15 EDT" duration-ms="1299" status="PASS">
          <params>
            <param index="0">
              <value>
                <![CDATA[adm@yorstore.com]]>
              </value>
            </param>
            <param index="1">
              <value>
                <![CDATA[admin]]>
              </value>
            </param>
            <param index="2">
              <value>
                <![CDATA[Invalid]]>
              </value>
            </param>
          </params>
          <reporter-output>
          </reporter-output>
        </test-method> <!-- loginTest -->
        <test-method signature="loginTest(java.lang.String,java.lang.String,java.lang.String)[pri:0, instance:com.datadrive.DataDrivenTest_hardData@6572421]" started-at="2022-06-06T20:09:15 EDT" name="loginTest" data-provider="readData" finished-at="2022-06-06T20:09:16 EDT" duration-ms="902" status="PASS">
          <params>
            <param index="0">
              <value>
                <![CDATA[adm@yourstore.com]]>
              </value>
            </param>
            <param index="1">
              <value>
                <![CDATA[adm]]>
              </value>
            </param>
            <param index="2">
              <value>
                <![CDATA[Invalid]]>
              </value>
            </param>
          </params>
          <reporter-output>
          </reporter-output>
        </test-method> <!-- loginTest -->
        <test-method is-config="true" signature="teardown()[pri:0, instance:com.datadrive.DataDrivenTest_hardData@6572421]" started-at="2022-06-06T20:09:16 EDT" name="teardown" finished-at="2022-06-06T20:09:16 EDT" duration-ms="74" status="PASS">
          <reporter-output>
          </reporter-output>
        </test-method> <!-- teardown -->
      </class> <!-- com.datadrive.DataDrivenTest_hardData -->
    </test> <!-- Default test -->
  </suite> <!-- Default suite -->
</testng-results>
